<?xml version="1.0" encoding="UTF-8"?>
<!-- Generated by org.testng.reporters.JUnitReportReporter -->
<testsuite hostname="DESKTOP-46UPVCL" failures="0" tests="11" name="Hackathon.Testng_CalculateTripCost" time="106.445" errors="0" timestamp="2021-04-16T16:20:04 IST" skipped="0">
  <testcase classname="Hackathon.Testng_CalculateTripCost" name="SetUrl" time="3.866"/>
  <system-out/>
  <testcase classname="Hackathon.Testng_CalculateTripCost" name="SearchDestination" time="9.736"/>
  <system-out/>
  <testcase classname="Hackathon.Testng_CalculateTripCost" name="ClickHolidayHomesButton" time="38.740"/>
  <system-out/>
  <testcase classname="Hackathon.Testng_CalculateTripCost" name="SetDate" time="2.809"/>
  <system-out/>
  <testcase classname="Hackathon.Testng_CalculateTripCost" name="NoOfGuests" time="1.150"/>
  <system-out/>
  <testcase classname="Hackathon.Testng_CalculateTripCost" name="RatingSort" time="5.872"/>
  <system-out/>
  <testcase classname="Hackathon.Testng_CalculateTripCost" name="LiftAccess" time="2.169"/>
  <system-out/>
  <testcase classname="Hackathon.Testng_CalculateTripCost" name="HotelDetails" time="1.718"/>
  <system-out/>
  <testcase classname="Hackathon.Testng_CalculateTripCost" name="GetHotelScreenShots" time="23.310"/>
  <system-out/>
  <testcase classname="Hackathon.Testng_CalculateTripCost" name="SetCruises" time="10.802"/>
  <system-out/>
  <testcase classname="Hackathon.Testng_CalculateTripCost" name="GetCruiseDetails" time="6.273"/>
  <system-out/>
</testsuite> <!-- Hackathon.Testng_CalculateTripCost -->
