<?xml version="1.0" encoding="UTF-8"?>
<!-- Generated by org.testng.reporters.JUnitReportReporter -->
<testsuite skipped="0" hostname="DESKTOP-46UPVCL" name="Hackathon.Testng_CalculateTripCost" tests="11" failures="0" timestamp="2021-04-15T18:02:55 IST" time="84.573" errors="0">
  <testcase name="SetUrl" time="4.680" classname="Hackathon.Testng_CalculateTripCost"/>
  <system-out/>
  <testcase name="SearchDestination" time="9.110" classname="Hackathon.Testng_CalculateTripCost"/>
  <system-out/>
  <testcase name="ClickHolidayHomesButton" time="22.358" classname="Hackathon.Testng_CalculateTripCost"/>
  <system-out/>
  <testcase name="SetDate" time="3.091" classname="Hackathon.Testng_CalculateTripCost"/>
  <system-out/>
  <testcase name="NoOfGuests" time="1.644" classname="Hackathon.Testng_CalculateTripCost"/>
  <system-out/>
  <testcase name="RatingSort" time="6.063" classname="Hackathon.Testng_CalculateTripCost"/>
  <system-out/>
  <testcase name="LiftAccess" time="2.524" classname="Hackathon.Testng_CalculateTripCost"/>
  <system-out/>
  <testcase name="HotelDetails" time="2.188" classname="Hackathon.Testng_CalculateTripCost"/>
  <system-out/>
  <testcase name="GetHotelScreenShots" time="18.280" classname="Hackathon.Testng_CalculateTripCost"/>
  <system-out/>
  <testcase name="SetCruises" time="9.038" classname="Hackathon.Testng_CalculateTripCost"/>
  <system-out/>
  <testcase name="GetCruiseDetails" time="5.597" classname="Hackathon.Testng_CalculateTripCost"/>
  <system-out/>
</testsuite> <!-- Hackathon.Testng_CalculateTripCost -->
